2015-04-16 00:37:05,987 [Worker-4] INFO  o.e.m.c.i.e.AbstractTransferListenerAdapter - Downloaded http://repo.maven.apache.org/maven2/org/apache/maven/plugins/maven-clean-plugin/2.5/maven-clean-plugin-2.5.jar
2015-04-16 00:37:06,018 [Worker-4] INFO  o.e.m.c.i.e.AbstractTransferListenerAdapter - Downloaded http://repo.maven.apache.org/maven2/org/apache/maven/plugins/maven-resources-plugin/2.6/maven-resources-plugin-2.6.jar
2015-04-16 00:37:06,236 [Worker-4] INFO  o.e.m.c.i.e.AbstractTransferListenerAdapter - Downloaded http://repo.maven.apache.org/maven2/org/apache/maven/plugins/maven-jar-plugin/2.4/maven-jar-plugin-2.4.jar
2015-04-16 00:37:06,439 [Worker-4] INFO  o.e.m.c.i.e.AbstractTransferListenerAdapter - Downloaded http://repo.maven.apache.org/maven2/org/apache/maven/plugins/maven-install-plugin/2.4/maven-install-plugin-2.4.jar
2015-04-16 00:37:12,726 [Worker-4] INFO  o.e.m.c.i.l.LifecycleMappingFactory - Using org.eclipse.m2e.jdt.JarLifecycleMapping lifecycle mapping for MavenProject: com.bingo:bingo_thucydides_testsuite_new:1.0-SNAPSHOT @ D:\bingo\bingo_thucydides_testsuite_new\bingo_thucydides_testsuite_new\pom.xml.
2015-04-16 00:37:12,804 [Worker-0] INFO  o.e.m.c.i.l.LifecycleMappingFactory - Using org.eclipse.m2e.jdt.JarLifecycleMapping lifecycle mapping for MavenProject: com.bingo:bingo_thucydides_testsuite_new:1.0-SNAPSHOT @ D:\bingo\bingo_thucydides_testsuite_new\bingo_thucydides_testsuite_new\pom.xml.
2015-04-16 00:37:19,262 [Worker-1] WARN  o.e.m.c.i.embedder.EclipseLogger - The artifact jsch:jsch:jar:0.1.29 has been relocated to com.jcraft:jsch:jar:0.1.29
2015-04-16 00:37:19,278 [Worker-0] WARN  o.e.m.c.i.embedder.EclipseLogger - The artifact jsch:jsch:jar:0.1.29 has been relocated to com.jcraft:jsch:jar:0.1.29
2015-04-16 00:37:19,278 [Worker-4] WARN  o.e.m.c.i.embedder.EclipseLogger - The artifact jsch:jsch:jar:0.1.29 has been relocated to com.jcraft:jsch:jar:0.1.29
2015-04-16 00:37:21,961 [Worker-1] WARN  o.e.m.c.i.embedder.EclipseLogger - The artifact jsch:jsch:jar:0.1.29 has been relocated to com.jcraft:jsch:jar:0.1.29
2015-04-16 00:37:28,123 [Worker-0] INFO  o.e.m.c.i.e.AbstractTransferListenerAdapter - Downloaded http://repo.maven.apache.org/maven2/org/apache/maven/plugins/maven-resources-plugin/2.6/maven-resources-plugin-2.6.pom
2015-04-16 00:37:29,761 [Worker-3] INFO  o.e.m.c.i.l.LifecycleMappingFactory - Using org.eclipse.m2e.jdt.JarLifecycleMapping lifecycle mapping for MavenProject: com.bingo:bingo_thucydides_testsuite_new:1.0-SNAPSHOT @ D:\bingo\bingo_thucydides_testsuite_new\bingo_thucydides_testsuite_new\pom.xml.
2015-04-16 00:37:33,240 [Worker-3] WARN  o.e.m.c.i.embedder.EclipseLogger - The artifact jsch:jsch:jar:0.1.29 has been relocated to com.jcraft:jsch:jar:0.1.29
2015-04-16 00:37:33,739 [Worker-4] WARN  o.e.m.c.i.embedder.EclipseLogger - The artifact jsch:jsch:jar:0.1.29 has been relocated to com.jcraft:jsch:jar:0.1.29
2015-04-16 00:37:35,829 [Worker-5] WARN  o.e.m.c.i.embedder.EclipseLogger - The artifact jsch:jsch:jar:0.1.29 has been relocated to com.jcraft:jsch:jar:0.1.29
2015-04-16 00:51:37,064 [Worker-0] INFO  o.e.m.c.i.l.LifecycleMappingFactory - Using org.eclipse.m2e.jdt.JarLifecycleMapping lifecycle mapping for MavenProject: com.bingo:bingo_thucydides_testsuite_new:1.0-SNAPSHOT @ D:\bingo\bingo_thucydides_testsuite_new\bingo_thucydides_testsuite_new\pom.xml.
2015-04-16 00:51:45,361 [Worker-0] WARN  o.e.m.c.i.embedder.EclipseLogger - The artifact jsch:jsch:jar:0.1.29 has been relocated to com.jcraft:jsch:jar:0.1.29
2015-04-16 00:51:50,060 [Worker-0] WARN  o.e.m.c.i.embedder.EclipseLogger - The artifact jsch:jsch:jar:0.1.29 has been relocated to com.jcraft:jsch:jar:0.1.29
2015-04-16 00:57:26,567 [Worker-3] INFO  o.e.m.c.i.l.LifecycleMappingFactory - Using org.eclipse.m2e.jdt.JarLifecycleMapping lifecycle mapping for MavenProject: com.bingo:bingo_thucydides_testsuite_new:1.0-SNAPSHOT @ D:\bingo\bingo_thucydides_testsuite_new\bingo_thucydides_testsuite_new\pom.xml.
2015-04-16 00:57:27,820 [Worker-3] WARN  o.e.m.c.i.embedder.EclipseLogger - The artifact jsch:jsch:jar:0.1.29 has been relocated to com.jcraft:jsch:jar:0.1.29
2015-04-16 00:57:30,263 [Worker-4] WARN  o.e.m.c.i.embedder.EclipseLogger - The artifact jsch:jsch:jar:0.1.29 has been relocated to com.jcraft:jsch:jar:0.1.29
2015-04-16 21:37:19,755 [Worker-0] WARN  o.e.m.c.i.embedder.EclipseLogger - The artifact jsch:jsch:jar:0.1.29 has been relocated to com.jcraft:jsch:jar:0.1.29
2015-04-16 21:52:17,037 [Worker-11] INFO  o.e.m.i.launch.MavenLaunchDelegate - D:\bingo\bingo_thucydides_testsuite_new
2015-04-16 21:52:17,039 [Worker-11] INFO  o.e.m.i.launch.MavenLaunchDelegate -  mvn  -B integration-test thucydides:aggregate
2015-04-16 21:53:08,784 [Worker-10] INFO  o.e.m.i.launch.MavenLaunchDelegate - D:\bingo\bingo_thucydides_testsuite_new
2015-04-16 21:53:08,784 [Worker-10] INFO  o.e.m.i.launch.MavenLaunchDelegate -  mvn  -B integration-test thucydides:aggregate
2015-04-16 21:53:17,824 [Worker-11] INFO  o.e.m.c.i.e.AbstractTransferListenerAdapter - Downloading http://repo.maven.apache.org/maven2/org/codehaus/plexus/plexus-classworlds/2.5.1/plexus-classworlds-2.5.1-sources.jar
2015-04-16 21:53:18,913 [Worker-11] INFO  o.e.m.c.i.e.AbstractTransferListenerAdapter - Downloaded http://repo.maven.apache.org/maven2/org/codehaus/plexus/plexus-classworlds/2.5.1/plexus-classworlds-2.5.1-sources.jar
2015-04-16 21:53:19,405 [Worker-11] INFO  o.e.m.c.i.e.AbstractTransferListenerAdapter - Downloading http://repo.maven.apache.org/maven2/io/takari/aether/takari-local-repository/0.9.0/takari-local-repository-0.9.0-sources.jar
2015-04-16 21:53:19,766 [Worker-11] INFO  o.e.m.c.i.e.AbstractTransferListenerAdapter - Downloaded http://repo.maven.apache.org/maven2/io/takari/aether/takari-local-repository/0.9.0/takari-local-repository-0.9.0-sources.jar
2015-04-16 21:53:20,051 [Worker-11] INFO  o.e.m.c.i.e.AbstractTransferListenerAdapter - Downloading http://repo.maven.apache.org/maven2/io/takari/takari-filemanager/0.7.0/takari-filemanager-0.7.0-sources.jar
2015-04-16 21:53:20,474 [Worker-11] INFO  o.e.m.c.i.e.AbstractTransferListenerAdapter - Downloaded http://repo.maven.apache.org/maven2/io/takari/takari-filemanager/0.7.0/takari-filemanager-0.7.0-sources.jar
2015-04-16 21:53:20,827 [Worker-11] INFO  o.e.m.c.i.e.AbstractTransferListenerAdapter - Downloading http://repo.maven.apache.org/maven2/org/apache/maven/maven-core/3.2.1/maven-core-3.2.1-sources.jar
2015-04-16 21:53:28,208 [Worker-11] INFO  o.e.m.c.i.e.AbstractTransferListenerAdapter - Downloaded http://repo.maven.apache.org/maven2/org/apache/maven/maven-core/3.2.1/maven-core-3.2.1-sources.jar
2015-04-16 21:53:28,533 [Worker-11] INFO  o.e.m.c.i.e.AbstractTransferListenerAdapter - Downloading http://repo.maven.apache.org/maven2/org/apache/maven/maven-model/3.2.1/maven-model-3.2.1-sources.jar
2015-04-16 21:53:29,720 [Worker-11] INFO  o.e.m.c.i.e.AbstractTransferListenerAdapter - Downloaded http://repo.maven.apache.org/maven2/org/apache/maven/maven-model/3.2.1/maven-model-3.2.1-sources.jar
2015-04-16 21:53:29,956 [Worker-11] INFO  o.e.m.c.i.e.AbstractTransferListenerAdapter - Downloading http://repo.maven.apache.org/maven2/org/apache/maven/maven-settings/3.2.1/maven-settings-3.2.1-sources.jar
2015-04-16 21:53:30,558 [Worker-11] INFO  o.e.m.c.i.e.AbstractTransferListenerAdapter - Downloaded http://repo.maven.apache.org/maven2/org/apache/maven/maven-settings/3.2.1/maven-settings-3.2.1-sources.jar
2015-04-16 21:53:30,790 [Worker-11] INFO  o.e.m.c.i.e.AbstractTransferListenerAdapter - Downloading http://repo.maven.apache.org/maven2/org/apache/maven/maven-settings-builder/3.2.1/maven-settings-builder-3.2.1-sources.jar
2015-04-16 21:53:31,415 [Worker-11] INFO  o.e.m.c.i.e.AbstractTransferListenerAdapter - Downloaded http://repo.maven.apache.org/maven2/org/apache/maven/maven-settings-builder/3.2.1/maven-settings-builder-3.2.1-sources.jar
2015-04-16 21:53:31,681 [Worker-11] INFO  o.e.m.c.i.e.AbstractTransferListenerAdapter - Downloading http://repo.maven.apache.org/maven2/org/apache/maven/maven-repository-metadata/3.2.1/maven-repository-metadata-3.2.1-sources.jar
2015-04-16 21:53:32,142 [Worker-11] INFO  o.e.m.c.i.e.AbstractTransferListenerAdapter - Downloaded http://repo.maven.apache.org/maven2/org/apache/maven/maven-repository-metadata/3.2.1/maven-repository-metadata-3.2.1-sources.jar
2015-04-16 21:53:32,424 [Worker-11] INFO  o.e.m.c.i.e.AbstractTransferListenerAdapter - Downloading http://repo.maven.apache.org/maven2/org/apache/maven/maven-artifact/3.2.1/maven-artifact-3.2.1-sources.jar
2015-04-16 21:53:33,380 [Worker-11] INFO  o.e.m.c.i.e.AbstractTransferListenerAdapter - Downloaded http://repo.maven.apache.org/maven2/org/apache/maven/maven-artifact/3.2.1/maven-artifact-3.2.1-sources.jar
2015-04-16 21:53:33,617 [Worker-11] INFO  o.e.m.c.i.e.AbstractTransferListenerAdapter - Downloading http://repo.maven.apache.org/maven2/org/apache/maven/maven-plugin-api/3.2.1/maven-plugin-api-3.2.1-sources.jar
2015-04-16 21:53:34,428 [Worker-11] INFO  o.e.m.c.i.e.AbstractTransferListenerAdapter - Downloaded http://repo.maven.apache.org/maven2/org/apache/maven/maven-plugin-api/3.2.1/maven-plugin-api-3.2.1-sources.jar
2015-04-16 21:53:34,727 [Worker-11] INFO  o.e.m.c.i.e.AbstractTransferListenerAdapter - Downloading http://repo.maven.apache.org/maven2/org/apache/maven/maven-model-builder/3.2.1/maven-model-builder-3.2.1-sources.jar
2015-04-16 21:53:36,071 [Worker-11] INFO  o.e.m.c.i.e.AbstractTransferListenerAdapter - Downloaded http://repo.maven.apache.org/maven2/org/apache/maven/maven-model-builder/3.2.1/maven-model-builder-3.2.1-sources.jar
2015-04-16 21:53:36,291 [Worker-11] INFO  o.e.m.c.i.e.AbstractTransferListenerAdapter - Downloading http://repo.maven.apache.org/maven2/org/apache/maven/maven-aether-provider/3.2.1/maven-aether-provider-3.2.1-sources.jar
2015-04-16 21:53:38,168 [Worker-11] INFO  o.e.m.c.i.e.AbstractTransferListenerAdapter - Downloaded http://repo.maven.apache.org/maven2/org/apache/maven/maven-aether-provider/3.2.1/maven-aether-provider-3.2.1-sources.jar
2015-04-16 21:53:38,397 [Worker-11] INFO  o.e.m.c.i.e.AbstractTransferListenerAdapter - Downloading http://repo.maven.apache.org/maven2/org/eclipse/aether/aether-api/0.9.0.M2/aether-api-0.9.0.M2-sources.jar
2015-04-16 21:53:39,751 [Worker-11] INFO  o.e.m.c.i.e.AbstractTransferListenerAdapter - Downloaded http://repo.maven.apache.org/maven2/org/eclipse/aether/aether-api/0.9.0.M2/aether-api-0.9.0.M2-sources.jar
2015-04-16 21:53:40,000 [Worker-11] INFO  o.e.m.c.i.e.AbstractTransferListenerAdapter - Downloading http://repo.maven.apache.org/maven2/org/eclipse/aether/aether-util/0.9.0.M2/aether-util-0.9.0.M2-sources.jar
2015-04-16 21:53:41,057 [Worker-11] INFO  o.e.m.c.i.e.AbstractTransferListenerAdapter - Downloaded http://repo.maven.apache.org/maven2/org/eclipse/aether/aether-util/0.9.0.M2/aether-util-0.9.0.M2-sources.jar
2015-04-16 21:53:41,299 [Worker-11] INFO  o.e.m.c.i.e.AbstractTransferListenerAdapter - Downloading http://repo.maven.apache.org/maven2/org/codehaus/plexus/plexus-interpolation/1.19/plexus-interpolation-1.19-sources.jar
2015-04-16 21:53:42,080 [Worker-11] INFO  o.e.m.c.i.e.AbstractTransferListenerAdapter - Downloaded http://repo.maven.apache.org/maven2/org/codehaus/plexus/plexus-interpolation/1.19/plexus-interpolation-1.19-sources.jar
2015-04-16 21:53:42,308 [Worker-11] INFO  o.e.m.c.i.e.AbstractTransferListenerAdapter - Downloading http://repo.maven.apache.org/maven2/org/codehaus/plexus/plexus-utils/3.0.17/plexus-utils-3.0.17-sources.jar
2015-04-16 21:53:44,354 [Worker-11] INFO  o.e.m.c.i.e.AbstractTransferListenerAdapter - Downloaded http://repo.maven.apache.org/maven2/org/codehaus/plexus/plexus-utils/3.0.17/plexus-utils-3.0.17-sources.jar
2015-04-16 21:53:44,616 [Worker-11] INFO  o.e.m.c.i.e.AbstractTransferListenerAdapter - Downloading http://repo.maven.apache.org/maven2/org/codehaus/plexus/plexus-component-annotations/1.5.5/plexus-component-annotations-1.5.5-sources.jar
2015-04-16 21:53:45,019 [Worker-11] INFO  o.e.m.c.i.e.AbstractTransferListenerAdapter - Downloaded http://repo.maven.apache.org/maven2/org/codehaus/plexus/plexus-component-annotations/1.5.5/plexus-component-annotations-1.5.5-sources.jar
2015-04-16 21:53:45,491 [Worker-11] INFO  o.e.m.c.i.e.AbstractTransferListenerAdapter - Downloading http://repo.maven.apache.org/maven2/org/sonatype/plexus/plexus-sec-dispatcher/1.3/plexus-sec-dispatcher-1.3-sources.jar
2015-04-16 21:53:46,004 [Worker-11] INFO  o.e.m.c.i.e.AbstractTransferListenerAdapter - Downloaded http://repo.maven.apache.org/maven2/org/sonatype/plexus/plexus-sec-dispatcher/1.3/plexus-sec-dispatcher-1.3-sources.jar
2015-04-16 21:53:46,252 [Worker-11] INFO  o.e.m.c.i.e.AbstractTransferListenerAdapter - Downloading http://repo.maven.apache.org/maven2/org/apache/maven/maven-embedder/3.2.1/maven-embedder-3.2.1-sources.jar
2015-04-16 21:53:47,480 [Worker-11] INFO  o.e.m.c.i.e.AbstractTransferListenerAdapter - Downloaded http://repo.maven.apache.org/maven2/org/apache/maven/maven-embedder/3.2.1/maven-embedder-3.2.1-sources.jar
2015-04-16 21:53:47,717 [Worker-11] INFO  o.e.m.c.i.e.AbstractTransferListenerAdapter - Downloading http://repo.maven.apache.org/maven2/org/sonatype/plexus/plexus-cipher/1.7/plexus-cipher-1.7-sources.jar
2015-04-16 21:53:48,197 [Worker-11] INFO  o.e.m.c.i.e.AbstractTransferListenerAdapter - Downloaded http://repo.maven.apache.org/maven2/org/sonatype/plexus/plexus-cipher/1.7/plexus-cipher-1.7-sources.jar
2015-04-16 21:53:48,507 [Worker-11] INFO  o.e.m.c.i.e.AbstractTransferListenerAdapter - Downloading http://repo.maven.apache.org/maven2/commons-cli/commons-cli/1.2/commons-cli-1.2-sources.jar
2015-04-16 21:53:49,323 [Worker-11] INFO  o.e.m.c.i.e.AbstractTransferListenerAdapter - Downloaded http://repo.maven.apache.org/maven2/commons-cli/commons-cli/1.2/commons-cli-1.2-sources.jar
2015-04-16 21:53:49,654 [Worker-11] INFO  o.e.m.c.i.e.AbstractTransferListenerAdapter - Downloading http://repo.maven.apache.org/maven2/org/apache/maven/maven-compat/3.2.1/maven-compat-3.2.1-sources.jar
2015-04-16 21:53:51,530 [Worker-11] INFO  o.e.m.c.i.e.AbstractTransferListenerAdapter - Downloaded http://repo.maven.apache.org/maven2/org/apache/maven/maven-compat/3.2.1/maven-compat-3.2.1-sources.jar
2015-04-16 21:53:51,775 [Worker-11] INFO  o.e.m.c.i.e.AbstractTransferListenerAdapter - Downloading http://repo.maven.apache.org/maven2/org/apache/maven/wagon/wagon-provider-api/2.6/wagon-provider-api-2.6-sources.jar
2015-04-16 21:53:52,555 [Worker-11] INFO  o.e.m.c.i.e.AbstractTransferListenerAdapter - Downloaded http://repo.maven.apache.org/maven2/org/apache/maven/wagon/wagon-provider-api/2.6/wagon-provider-api-2.6-sources.jar
2015-04-16 21:53:52,826 [Worker-11] INFO  o.e.m.c.i.e.AbstractTransferListenerAdapter - Downloading http://repo.maven.apache.org/maven2/javax/enterprise/cdi-api/1.0/cdi-api-1.0-sources.jar
2015-04-16 21:53:53,937 [Worker-11] INFO  o.e.m.c.i.e.AbstractTransferListenerAdapter - Downloaded http://repo.maven.apache.org/maven2/javax/enterprise/cdi-api/1.0/cdi-api-1.0-sources.jar
2015-04-16 21:53:54,257 [Worker-11] INFO  o.e.m.c.i.e.AbstractTransferListenerAdapter - Downloading http://repo.maven.apache.org/maven2/com/google/guava/guava/14.0.1/guava-14.0.1-sources.jar
2015-04-16 21:54:02,963 [Worker-11] INFO  o.e.m.c.i.e.AbstractTransferListenerAdapter - Downloaded http://repo.maven.apache.org/maven2/com/google/guava/guava/14.0.1/guava-14.0.1-sources.jar
2015-04-16 21:54:03,257 [Worker-11] INFO  o.e.m.c.i.e.AbstractTransferListenerAdapter - Downloading http://repo.maven.apache.org/maven2/org/eclipse/aether/aether-impl/0.9.0.M2/aether-impl-0.9.0.M2-sources.jar
2015-04-16 21:54:04,257 [Worker-11] INFO  o.e.m.c.i.e.AbstractTransferListenerAdapter - Downloaded http://repo.maven.apache.org/maven2/org/eclipse/aether/aether-impl/0.9.0.M2/aether-impl-0.9.0.M2-sources.jar
2015-04-16 21:54:04,487 [Worker-11] INFO  o.e.m.c.i.e.AbstractTransferListenerAdapter - Downloading http://repo.maven.apache.org/maven2/org/eclipse/aether/aether-spi/0.9.0.M2/aether-spi-0.9.0.M2-sources.jar
2015-04-16 21:54:04,983 [Worker-11] INFO  o.e.m.c.i.e.AbstractTransferListenerAdapter - Downloaded http://repo.maven.apache.org/maven2/org/eclipse/aether/aether-spi/0.9.0.M2/aether-spi-0.9.0.M2-sources.jar
2015-04-16 21:54:05,239 [Worker-11] INFO  o.e.m.c.i.e.AbstractTransferListenerAdapter - Downloading http://repo.maven.apache.org/maven2/io/takari/aether/aether-connector-okhttp/0.12.0/aether-connector-okhttp-0.12.0-sources.jar
2015-04-16 21:54:05,903 [Worker-11] INFO  o.e.m.c.i.e.AbstractTransferListenerAdapter - Downloaded http://repo.maven.apache.org/maven2/io/takari/aether/aether-connector-okhttp/0.12.0/aether-connector-okhttp-0.12.0-sources.jar
2015-04-16 21:54:06,176 [Worker-11] INFO  o.e.m.c.i.e.AbstractTransferListenerAdapter - Downloading http://repo.maven.apache.org/maven2/com/squareup/okhttp/okhttp/1.5.4/okhttp-1.5.4-sources.jar
2015-04-16 21:54:07,936 [Worker-11] INFO  o.e.m.c.i.e.AbstractTransferListenerAdapter - Downloaded http://repo.maven.apache.org/maven2/com/squareup/okhttp/okhttp/1.5.4/okhttp-1.5.4-sources.jar
2015-04-16 21:54:08,171 [Worker-11] INFO  o.e.m.c.i.e.AbstractTransferListenerAdapter - Downloading http://repo.maven.apache.org/maven2/org/eclipse/aether/aether-connector-wagon/0.9.0.M2/aether-connector-wagon-0.9.0.M2-sources.jar
2015-04-16 21:54:08,660 [Worker-11] INFO  o.e.m.c.i.e.AbstractTransferListenerAdapter - Downloaded http://repo.maven.apache.org/maven2/org/eclipse/aether/aether-connector-wagon/0.9.0.M2/aether-connector-wagon-0.9.0.M2-sources.jar
2015-04-16 21:54:08,902 [Worker-11] INFO  o.e.m.c.i.e.AbstractTransferListenerAdapter - Downloading http://repo.maven.apache.org/maven2/org/apache/maven/wagon/wagon-file/2.6/wagon-file-2.6-sources.jar
2015-04-16 21:54:09,311 [Worker-11] INFO  o.e.m.c.i.e.AbstractTransferListenerAdapter - Downloaded http://repo.maven.apache.org/maven2/org/apache/maven/wagon/wagon-file/2.6/wagon-file-2.6-sources.jar
2015-04-16 21:54:09,582 [Worker-11] INFO  o.e.m.c.i.e.AbstractTransferListenerAdapter - Downloading http://repo.maven.apache.org/maven2/commons-lang/commons-lang/2.6/commons-lang-2.6-sources.jar
2015-04-16 21:54:12,910 [Worker-11] INFO  o.e.m.c.i.e.AbstractTransferListenerAdapter - Downloaded http://repo.maven.apache.org/maven2/commons-lang/commons-lang/2.6/commons-lang-2.6-sources.jar
2015-04-16 21:54:13,172 [Worker-11] INFO  o.e.m.c.i.e.AbstractTransferListenerAdapter - Downloading http://repo.maven.apache.org/maven2/org/slf4j/slf4j-simple/1.7.5/slf4j-simple-1.7.5-sources.jar
2015-04-16 21:54:13,571 [Worker-11] INFO  o.e.m.c.i.e.AbstractTransferListenerAdapter - Downloaded http://repo.maven.apache.org/maven2/org/slf4j/slf4j-simple/1.7.5/slf4j-simple-1.7.5-sources.jar
2015-04-16 22:05:48,534 [Worker-1] WARN  o.e.m.c.i.embedder.EclipseLogger - The artifact jsch:jsch:jar:0.1.29 has been relocated to com.jcraft:jsch:jar:0.1.29
2015-04-16 22:06:05,645 [Worker-1] INFO  o.e.m.i.launch.MavenLaunchDelegate - D:\bingo\bingo_thucydides_testsuite_new
2015-04-16 22:06:05,646 [Worker-1] INFO  o.e.m.i.launch.MavenLaunchDelegate -  mvn  -B integration-test thucydides:aggregate
2015-04-16 22:08:09,583 [Worker-5] WARN  o.e.m.c.i.embedder.EclipseLogger - The artifact jsch:jsch:jar:0.1.29 has been relocated to com.jcraft:jsch:jar:0.1.29
